[debug] [2021-11-30T09:27:57.492Z] ----------------------------------------------------------------------
[debug] [2021-11-30T09:27:57.496Z] Command:       C:\Program Files\nodejs\node.exe C:\Users\USER\AppData\Roaming\npm\node_modules\firebase-tools\lib\bin\firebase.js deploy
[debug] [2021-11-30T09:27:57.497Z] CLI Version:   9.23.0
[debug] [2021-11-30T09:27:57.497Z] Platform:      win32
[debug] [2021-11-30T09:27:57.498Z] Node Version:  v14.17.6
[debug] [2021-11-30T09:27:57.512Z] Time:          Tue Nov 30 2021 17:27:57 GMT+0800 (Philippine Standard Time)
[debug] [2021-11-30T09:27:57.513Z] ----------------------------------------------------------------------
[debug] 
[debug] [2021-11-30T09:27:57.680Z] > command requires scopes: ["email","openid","https://www.googleapis.com/auth/cloudplatformprojects.readonly","https://www.googleapis.com/auth/firebase","https://www.googleapis.com/auth/cloud-platform"]
[debug] [2021-11-30T09:27:57.681Z] > authorizing via signed-in user (andrianelemento41@gmail.com)
[debug] [2021-11-30T09:27:57.681Z] [iam] checking project learning-resource-app-19153 for permissions ["firebase.projects.get","firebasehosting.sites.update"]
[debug] [2021-11-30T09:27:57.688Z] > refreshing access token with scopes: ["email","https://www.googleapis.com/auth/cloud-platform","https://www.googleapis.com/auth/cloudplatformprojects.readonly","https://www.googleapis.com/auth/firebase","openid"]
[debug] [2021-11-30T09:27:57.688Z] >>> HTTP REQUEST POST https://www.googleapis.com/oauth2/v3/token  
 <request body omitted>
[debug] [2021-11-30T09:28:07.877Z] [iam] error while checking permissions, command may fail: FirebaseError: Authentication Error: Your credentials are no longer valid. Please run firebase login --reauth

For CI servers and headless environments, generate a new token with firebase login:ci
[debug] [2021-11-30T09:28:07.890Z] >>> [apiv2][query] GET https://firebase.googleapis.com/v1beta1/projects/learning-resource-app-19153 [none]
[debug] [2021-11-30T09:28:17.919Z] Failed to make request to https://firebase.googleapis.com/v1beta1/projects/learning-resource-app-19153
[debug] [2021-11-30T09:28:27.955Z] FirebaseError: Failed to make request to https://firebase.googleapis.com/v1beta1/projects/learning-resource-app-19153
    at Client.doRequest (C:\Users\USER\AppData\Roaming\npm\node_modules\firebase-tools\lib\apiv2.js:213:19)
    at processTicksAndRejections (internal/process/task_queues.js:95:5)
    at async Client.request (C:\Users\USER\AppData\Roaming\npm\node_modules\firebase-tools\lib\apiv2.js:96:20)
    at async Object.getFirebaseProject (C:\Users\USER\AppData\Roaming\npm\node_modules\firebase-tools\lib\management\projects.js:290:21)
    at async Object.getDefaultHostingSite (C:\Users\USER\AppData\Roaming\npm\node_modules\firebase-tools\lib\getDefaultHostingSite.js:8:21)
    at async requireHostingSite (C:\Users\USER\AppData\Roaming\npm\node_modules\firebase-tools\lib\requireHostingSite.js:9:18)
    at async Object.fn (C:\Users\USER\AppData\Roaming\npm\node_modules\firebase-tools\lib\commands\deploy.js:73:9)
    at async C:\Users\USER\AppData\Roaming\npm\node_modules\firebase-tools\lib\command.js:188:17
[error] 
[error] Error: Failed to get Firebase project learning-resource-app-19153. Please make sure the project exists and your account has permission to access it.
